<?xml version="1.0" encoding="UTF-8"?>
<!-- Generated by org.testng.reporters.JUnitReportReporter -->
<testsuite skipped="0" hostname="om12" name="com.w2a.testcases.BankManagerLoginTest" tests="1" failures="0" timestamp="27 Feb 2019 06:54:44 GMT" time="0.379" errors="0">
  <testcase name="loginAsBankManager" time="0.379" classname="com.w2a.testcases.BankManagerLoginTest"/>
</testsuite> <!-- com.w2a.testcases.BankManagerLoginTest -->
