<?xml version="1.0" encoding="UTF-8"?>
<!-- Generated by org.testng.reporters.JUnitReportReporter -->
<testsuite skipped="0" hostname="om12" name="com.w2a.testcases.LoginTest" tests="1" failures="0" timestamp="26 Feb 2019 12:59:19 GMT" time="4.363" errors="0">
  <testcase name="loginAsBankManager" time="4.363" classname="com.w2a.testcases.LoginTest"/>
</testsuite> <!-- com.w2a.testcases.LoginTest -->
